<?xml version="1.0" encoding="UTF-8"?>
<!-- Generated by org.testng.reporters.JUnitReportReporter -->
<testsuite hostname="LIN41005644" failures="0" tests="3" name="testrunner.LoginPage_TestRunner" time="97.692" errors="0" timestamp="2023-06-07T18:27:34 IST" skipped="0">
  <testcase classname="testrunner.LoginPage_TestRunner" name="runScenario" time="27.347"/>
  <system-out/>
  <testcase classname="testrunner.LoginPage_TestRunner" name="runScenario" time="50.623"/>
  <system-out/>
  <testcase classname="testrunner.LoginPage_TestRunner" name="runScenario" time="19.722"/>
  <system-out/>
</testsuite> <!-- testrunner.LoginPage_TestRunner -->
