<?xml version="1.0" encoding="UTF-8"?>
<!-- Generated by org.testng.reporters.JUnitReportReporter -->
<testsuite hostname="LIN41005644" failures="0" tests="3" name="testrunner.LoginPage_TestRunner" time="105.858" errors="0" timestamp="2023-06-08T22:32:38 IST" skipped="0">
  <testcase classname="testrunner.LoginPage_TestRunner" name="runScenario" time="22.761"/>
  <system-out/>
  <testcase classname="testrunner.LoginPage_TestRunner" name="runScenario" time="25.721"/>
  <system-out/>
  <testcase classname="testrunner.LoginPage_TestRunner" name="runScenario" time="57.376"/>
  <system-out/>
</testsuite> <!-- testrunner.LoginPage_TestRunner -->
